#
# A fatal error has been detected by the Java Runtime Environment:
#
#  SIGSEGV (0xb) at pc=0x00007f16e90699fa, pid=3075, tid=0x00007f16dc7a7700
#
# JRE version: OpenJDK Runtime Environment (8.0_162-b12) (build 1.8.0_162-8u162-b12-0ubuntu0.16.04.2-b12)
# Java VM: OpenJDK 64-Bit Server VM (25.162-b12 mixed mode linux-amd64 compressed oops)
# Problematic frame:
# v  ~BufferBlob::jni_fast_GetLongField
#
# Failed to write core dump. Core dumps have been disabled. To enable core dumping, try "ulimit -c unlimited" before starting Java again
#
# If you would like to submit a bug report, please visit:
#   http://bugreport.java.com/bugreport/crash.jsp
# The crash happened outside the Java Virtual Machine in native code.
# See problematic frame for where to report the bug.
#

---------------  T H R E A D  ---------------

Current thread (0x00007f16f8338000):  JavaThread "AWT-XAWT" daemon [_thread_in_native, id=3096, stack(0x00007f16dc6a7000,0x00007f16dc7a8000)]

siginfo: si_signo: 11 (SIGSEGV), si_code: 1 (SEGV_MAPERR), si_addr: 0x0000000000000000

Registers:
RAX=0x00007f16ff823040, RBX=0x00007f16f83381e0, RCX=0x0000000000000000, RDX=0x0000000000000042
RSP=0x00007f16dc7a6838, RBP=0x00007f16dc7a6860, RSI=0x0000000000000000, RDI=0x00007f16f83381e0
R8 =0x00000000880c2c60, R9 =0x0000000000000000, R10=0x0000000000000054, R11=0x00007f16e986b3d8
R12=0x00007f16944babb0, R13=0x0000000000000000, R14=0x00007f16de80bb00, R15=0x00007f16f8338000
RIP=0x00007f16e90699fa, EFLAGS=0x0000000000010246, CSGSFS=0x002b000000000033, ERR=0x0000000000000004
  TRAPNO=0x000000000000000e

Top of Stack: (sp=0x00007f16dc7a6838)
0x00007f16dc7a6838:   00007f16de5e9094 00007f16e4cfbc08
0x00007f16dc7a6848:   00007f16944babb0 00007f16dc7a6910
0x00007f16dc7a6858:   00007f16dc7a68e0 0000000000000000
0x00007f16dc7a6868:   00007f16de0ac3c0 00007f16e4cfbc08
0x00007f16dc7a6878:   00007f16dc7a68a0 0000000000000000
0x00007f16dc7a6888:   00007f16de0a3f93 00007f16dc7a6910
0x00007f16dc7a6898:   00007f16de5e0e0f 00007f16dc7a68f0
0x00007f16dc7a68a8:   00007f16e986b476 0000000000000000
0x00007f16dc7a68b8:   00007f16e96aa2f6 00007f16dc7a6910
0x00007f16dc7a68c8:   00007f16e9119aac 00007f16dc7a6970
0x00007f16dc7a68d8:   00000000884abcd0 0000000087fb9f38
0x00007f16dc7a68e8:   0000000087e02ab8 00007f16dc7a6970
0x00007f16dc7a68f8:   00007f16e90077d0 00007f16dc7a6970
0x00007f16dc7a6908:   00007f16e90077d0 0000000000000000
0x00007f16dc7a6918:   00007f16e9007b10 00007f16a0000e30
0x00007f16dc7a6928:   00000000884abcd0 00007f16dc7a6930
0x00007f16dc7a6938:   00007f16e4cdbdcc 00007f16dc7a69b8
0x00007f16dc7a6948:   00007f16e4ce4d98 0000000000000000
0x00007f16dc7a6958:   00007f16e4cdbf08 00007f16dc7a6910
0x00007f16dc7a6968:   00007f16dc7a69b0 00007f16dc7a6a00
0x00007f16dc7a6978:   00007f16e9007ffd 0000000000000000
0x00007f16dc7a6988:   00000000880a22a8 0000000000000000
0x00007f16dc7a6998:   0000000000000000 0000000000000000
0x00007f16dc7a69a8:   00000000884abcd0 0000000000000000
0x00007f16dc7a69b8:   00000000881177e0 00007f16dc7a69c0
0x00007f16dc7a69c8:   00007f16e4cdbc0d 00007f16dc7a6a10
0x00007f16dc7a69d8:   00007f16e4ce4d98 0000000000000000
0x00007f16dc7a69e8:   00007f16e4cdbc18 00007f16dc7a69b0
0x00007f16dc7a69f8:   00007f16dc7a6a10 00007f16dc7a6a58
0x00007f16dc7a6a08:   00007f16e9008042 00000000881177e0
0x00007f16dc7a6a18:   00007f16dc7a6a18 00007f16e485c99b
0x00007f16dc7a6a28:   00007f16dc7a6a68 00007f16e48e4268 

Instructions: (pc=0x00007f16e90699fa)
0x00007f16e90699da:   00 00 00 00 00 00 44 8b 15 2d 62 7e 16 4c 8b ce
0x00007f16e90699ea:   41 f6 c2 01 0f 85 2e 00 00 00 4d 33 ca 4d 33 ca
0x00007f16e90699fa:   4d 8b 09 4c 8b da 49 c1 eb 02 4b 8b 04 19 49 bb
0x00007f16e9069a0a:   14 fc 84 ff 16 7f 00 00 4c 33 d8 4c 33 d8 45 3b 

Register to memory mapping:

RAX=0x00007f16ff823040: <offset 0xefb040> in /usr/lib/jvm/java-8-openjdk-amd64/jre/lib/amd64/server/libjvm.so at 0x00007f16fe928000
RBX=0x00007f16f83381e0 is an unknown value
RCX=0x0000000000000000 is an unknown value
RDX=0x0000000000000042 is an unknown value
RSP=0x00007f16dc7a6838 is pointing into the stack for thread: 0x00007f16f8338000
RBP=0x00007f16dc7a6860 is pointing into the stack for thread: 0x00007f16f8338000
RSI=0x0000000000000000 is an unknown value
RDI=0x00007f16f83381e0 is an unknown value
R8 =0x00000000880c2c60 is an oop
sun.util.logging.PlatformLogger$Level 
 - klass: 'sun/util/logging/PlatformLogger$Level'
R9 =0x0000000000000000 is an unknown value
R10=0x0000000000000054 is an unknown value
R11=0x00007f16e986b3d8 is at entry_point+24 in (nmethod*)0x00007f16e986b250
R12=0x00007f16944babb0 is an unknown value
R13=0x0000000000000000 is an unknown value
R14=0x00007f16de80bb00: <offset 0x258b00> in /usr/lib/jvm/java-8-openjdk-amd64/jre/lib/amd64/libawt_xawt.so at 0x00007f16de5b3000
R15=0x00007f16f8338000 is a thread


Stack: [0x00007f16dc6a7000,0x00007f16dc7a8000],  sp=0x00007f16dc7a6838,  free space=1022k
Native frames: (J=compiled Java code, j=interpreted, Vv=VM code, C=native code)
v  ~BufferBlob::jni_fast_GetLongField
C  [libX11.so.6+0x643c0]  _XimServerDestroy+0x70

Java frames: (J=compiled Java code, j=interpreted, Vv=VM code)
J 2782  sun.awt.X11.XlibWrapper.XFilterEvent(JJ)Z (0 bytes) @ 0x00007f16e986b404 [0x00007f16e986b3c0+0x44]
j  sun.awt.X11.XToolkit.run(Z)V+300
j  sun.awt.X11.XToolkit.run()V+5
j  java.lang.Thread.run()V+11
v  ~StubRoutines::call_stub

---------------  P R O C E S S  ---------------

Java Threads: ( => current thread )
  0x00007f16c4003800 JavaThread "SIGTERM handler" daemon [_thread_new, id=6158, stack(0x0000000000000000,0x0000000000000000)]
  0x00007f168c01c000 JavaThread "Thread-0" [_thread_new, id=6145, stack(0x0000000000000000,0x0000000000000000)]
  0x00007f168c003800 JavaThread "XToolkt-Shutdown-Thread" [_thread_blocked, id=6142, stack(0x00007f16a47bc000,0x00007f16a48bd000)]
  0x00007f16c4002000 JavaThread "SIGTERM handler" daemon [_thread_blocked, id=6135, stack(0x00007f16a48bd000,0x00007f16a49be000)]
  0x00007f16c4001000 JavaThread "SIGHUP handler" daemon [_thread_blocked, id=6134, stack(0x00007f16a49be000,0x00007f16a4abf000)]
  0x00007f16941ff000 JavaThread "Abandoned connection cleanup thread" daemon [_thread_blocked, id=3101, stack(0x00007f16a45a6000,0x00007f16a46a7000)]
  0x00007f169406e000 JavaThread "TimerQueue" daemon [_thread_blocked, id=3099, stack(0x00007f16a4cbf000,0x00007f16a4dc0000)]
  0x00007f16f800b000 JavaThread "DestroyJavaVM" [_thread_blocked, id=3077, stack(0x00007f1700580000,0x00007f1700681000)]
  0x00007f16f836d800 JavaThread "AWT-EventQueue-0" [_thread_blocked, id=3098, stack(0x00007f16dc07a000,0x00007f16dc17b000)]
  0x00007f16f8366000 JavaThread "AWT-Shutdown" [_thread_blocked, id=3097, stack(0x00007f16dc17b000,0x00007f16dc27c000)]
=>0x00007f16f8338000 JavaThread "AWT-XAWT" daemon [_thread_in_native, id=3096, stack(0x00007f16dc6a7000,0x00007f16dc7a8000)]
  0x00007f16f831f000 JavaThread "Java2D Disposer" daemon [_thread_blocked, id=3095, stack(0x00007f16dcbb8000,0x00007f16dccb9000)]
  0x00007f16f80b9800 JavaThread "Service Thread" daemon [_thread_blocked, id=3091, stack(0x00007f16decf7000,0x00007f16dedf8000)]
  0x00007f16f80b2800 JavaThread "C1 CompilerThread2" daemon [_thread_in_vm, id=3090, stack(0x00007f16dedf8000,0x00007f16deef9000)]
  0x00007f16f80b1000 JavaThread "C2 CompilerThread1" daemon [_thread_blocked, id=3089, stack(0x00007f16deef9000,0x00007f16deffa000)]
  0x00007f16f80ae000 JavaThread "C2 CompilerThread0" daemon [_thread_blocked, id=3088, stack(0x00007f16deffa000,0x00007f16df0fb000)]
  0x00007f16f80ac000 JavaThread "Signal Dispatcher" daemon [_thread_blocked, id=3087, stack(0x00007f16df0fb000,0x00007f16df1fc000)]
  0x00007f16f8084800 JavaThread "Finalizer" daemon [_thread_blocked, id=3086, stack(0x00007f16df4d4000,0x00007f16df5d5000)]
  0x00007f16f8080000 JavaThread "Reference Handler" daemon [_thread_blocked, id=3085, stack(0x00007f16df5d5000,0x00007f16df6d6000)]

Other Threads:
  0x00007f16f8078800 VMThread [stack: 0x00007f16df6d6000,0x00007f16df7d7000] [id=3084]
  0x00007f16f80bc000 WatcherThread [stack: 0x00007f16debf6000,0x00007f16decf7000] [id=3092]

VM state:not at safepoint (normal execution)

VM Mutex/Monitor currently owned by a thread: None

Heap:
 PSYoungGen      total 36352K, used 8288K [0x00000000d7f80000, 0x00000000da800000, 0x0000000100000000)
  eden space 31232K, 26% used [0x00000000d7f80000,0x00000000d87980c0,0x00000000d9e00000)
  from space 5120K, 0% used [0x00000000da300000,0x00000000da300000,0x00000000da800000)
  to   space 5120K, 0% used [0x00000000d9e00000,0x00000000d9e00000,0x00000000da300000)
 ParOldGen       total 62464K, used 7485K [0x0000000087e00000, 0x000000008bb00000, 0x00000000d7f80000)
  object space 62464K, 11% used [0x0000000087e00000,0x000000008854f5b0,0x000000008bb00000)
 Metaspace       used 21753K, capacity 21930K, committed 22320K, reserved 1069056K
  class space    used 2612K, capacity 2681K, committed 2688K, reserved 1048576K

Card table byte_map: [0x00007f16fc874000,0x00007f16fcc36000] byte_map_base: 0x00007f16fc435000

Marking Bits: (ParMarkBitMap*) 0x00007f16ff84f300
 Begin Bits: [0x00007f16e53f0000, 0x00007f16e71f8000)
 End Bits:   [0x00007f16e71f8000, 0x00007f16e9000000)

Polling page: 0x00007f17006a3000

CodeCache: size=245760Kb used=9610Kb max_used=9622Kb free=236149Kb
 bounds [0x00007f16e9000000, 0x00007f16e9970000, 0x00007f16f8000000]
 total_blobs=3713 nmethods=3038 adapters=586
 compilation: enabled

Compilation events (10 events):
Event: 1027.679 Thread 0x00007f16f80ae000 3036   !   4       sun.awt.X11.XToolkit::windowToXWindow (27 bytes)
Event: 1027.691 Thread 0x00007f16f80ae000 nmethod 3036 0x00007f16e99667d0 code [0x00007f16e9966960, 0x00007f16e9966ee8]
Event: 1089.953 Thread 0x00007f16f80b1000 3037       4       java.util.Arrays::copyOf (46 bytes)
Event: 1089.961 Thread 0x00007f16f80b1000 nmethod 3037 0x00007f16e9966090 code [0x00007f16e9966200, 0x00007f16e9966598]
Event: 1294.621 Thread 0x00007f16f80b2800 3038       3       sun.awt.X11.XMSelection$1::dispatchEvent (10 bytes)
Event: 1294.622 Thread 0x00007f16f80b2800 nmethod 3038 0x00007f16e9967e50 code [0x00007f16e9968000, 0x00007f16e9968458]
Event: 1294.622 Thread 0x00007f16f80b2800 3039       3       sun.awt.X11.XMSelection::processRootEvent (32 bytes)
Event: 1294.622 Thread 0x00007f16f80b2800 nmethod 3039 0x00007f16e9965810 code [0x00007f16e99659c0, 0x00007f16e9965d98]
Event: 1415.869 Thread 0x00007f16f80ae000 3040   !   4       sun.awt.X11.XToolkit::getNextTaskTime (55 bytes)
Event: 1415.873 Thread 0x00007f16f80ae000 nmethod 3040 0x00007f16e9969410 code [0x00007f16e99695a0, 0x00007f16e9969830]

GC Heap History (6 events):
Event: 1.812 GC heap before
{Heap before GC invocations=1 (full 0):
 PSYoungGen      total 36352K, used 31232K [0x00000000d7f80000, 0x00000000da800000, 0x0000000100000000)
  eden space 31232K, 100% used [0x00000000d7f80000,0x00000000d9e00000,0x00000000d9e00000)
  from space 5120K, 0% used [0x00000000da300000,0x00000000da300000,0x00000000da800000)
  to   space 5120K, 0% used [0x00000000d9e00000,0x00000000d9e00000,0x00000000da300000)
 ParOldGen       total 83456K, used 0K [0x0000000087e00000, 0x000000008cf80000, 0x00000000d7f80000)
  object space 83456K, 0% used [0x0000000087e00000,0x0000000087e00000,0x000000008cf80000)
 Metaspace       used 19474K, capacity 19690K, committed 19968K, reserved 1067008K
  class space    used 2388K, capacity 2489K, committed 2560K, reserved 1048576K
Event: 1.822 GC heap after
Heap after GC invocations=1 (full 0):
 PSYoungGen      total 36352K, used 5104K [0x00000000d7f80000, 0x00000000da800000, 0x0000000100000000)
  eden space 31232K, 0% used [0x00000000d7f80000,0x00000000d7f80000,0x00000000d9e00000)
  from space 5120K, 99% used [0x00000000d9e00000,0x00000000da2fc0e0,0x00000000da300000)
  to   space 5120K, 0% used [0x00000000da300000,0x00000000da300000,0x00000000da800000)
 ParOldGen       total 83456K, used 2648K [0x0000000087e00000, 0x000000008cf80000, 0x00000000d7f80000)
  object space 83456K, 3% used [0x0000000087e00000,0x0000000088096188,0x000000008cf80000)
 Metaspace       used 19474K, capacity 19690K, committed 19968K, reserved 1067008K
  class space    used 2388K, capacity 2489K, committed 2560K, reserved 1048576K
}
Event: 3.667 GC heap before
{Heap before GC invocations=2 (full 0):
 PSYoungGen      total 36352K, used 15056K [0x00000000d7f80000, 0x00000000da800000, 0x0000000100000000)
  eden space 31232K, 31% used [0x00000000d7f80000,0x00000000d8938288,0x00000000d9e00000)
  from space 5120K, 99% used [0x00000000d9e00000,0x00000000da2fc0e0,0x00000000da300000)
  to   space 5120K, 0% used [0x00000000da300000,0x00000000da300000,0x00000000da800000)
 ParOldGen       total 83456K, used 2648K [0x0000000087e00000, 0x000000008cf80000, 0x00000000d7f80000)
  object space 83456K, 3% used [0x0000000087e00000,0x0000000088096188,0x000000008cf80000)
 Metaspace       used 20773K, capacity 20938K, committed 21296K, reserved 1069056K
  class space    used 2528K, capacity 2585K, committed 2688K, reserved 1048576K
Event: 3.677 GC heap after
Heap after GC invocations=2 (full 0):
 PSYoungGen      total 36352K, used 5088K [0x00000000d7f80000, 0x00000000da800000, 0x0000000100000000)
  eden space 31232K, 0% used [0x00000000d7f80000,0x00000000d7f80000,0x00000000d9e00000)
  from space 5120K, 99% used [0x00000000da300000,0x00000000da7f8150,0x00000000da800000)
  to   space 5120K, 0% used [0x00000000d9e00000,0x00000000d9e00000,0x00000000da300000)
 ParOldGen       total 83456K, used 3358K [0x0000000087e00000, 0x000000008cf80000, 0x00000000d7f80000)
  object space 83456K, 4% used [0x0000000087e00000,0x0000000088147a48,0x000000008cf80000)
 Metaspace       used 20773K, capacity 20938K, committed 21296K, reserved 1069056K
  class space    used 2528K, capacity 2585K, committed 2688K, reserved 1048576K
}
Event: 3.677 GC heap before
{Heap before GC invocations=3 (full 1):
 PSYoungGen      total 36352K, used 5088K [0x00000000d7f80000, 0x00000000da800000, 0x0000000100000000)
  eden space 31232K, 0% used [0x00000000d7f80000,0x00000000d7f80000,0x00000000d9e00000)
  from space 5120K, 99% used [0x00000000da300000,0x00000000da7f8150,0x00000000da800000)
  to   space 5120K, 0% used [0x00000000d9e00000,0x00000000d9e00000,0x00000000da300000)
 ParOldGen       total 83456K, used 3358K [0x0000000087e00000, 0x000000008cf80000, 0x00000000d7f80000)
  object space 83456K, 4% used [0x0000000087e00000,0x0000000088147a48,0x000000008cf80000)
 Metaspace       used 20773K, capacity 20938K, committed 21296K, reserved 1069056K
  class space    used 2528K, capacity 2585K, committed 2688K, reserved 1048576K
Event: 3.714 GC heap after
Heap after GC invocations=3 (full 1):
 PSYoungGen      total 36352K, used 0K [0x00000000d7f80000, 0x00000000da800000, 0x0000000100000000)
  eden space 31232K, 0% used [0x00000000d7f80000,0x00000000d7f80000,0x00000000d9e00000)
  from space 5120K, 0% used [0x00000000da300000,0x00000000da300000,0x00000000da800000)
  to   space 5120K, 0% used [0x00000000d9e00000,0x00000000d9e00000,0x00000000da300000)
 ParOldGen       total 62464K, used 7485K [0x0000000087e00000, 0x000000008bb00000, 0x00000000d7f80000)
  object space 62464K, 11% used [0x0000000087e00000,0x000000008854f5b0,0x000000008bb00000)
 Metaspace       used 20773K, capacity 20938K, committed 21296K, reserved 1069056K
  class space    used 2528K, capacity 2585K, committed 2688K, reserved 1048576K
}

Deoptimization events (10 events):
Event: 2.197 Thread 0x00007f16f836d800 Uncommon trap: reason=bimorphic action=maybe_recompile pc=0x00007f16e951a4fc method=javax.swing.RepaintManager.addDirtyRegion0(Ljava/awt/Container;IIII)V @ 16
Event: 2.198 Thread 0x00007f16f836d800 Uncommon trap: reason=bimorphic action=maybe_recompile pc=0x00007f16e951a4fc method=javax.swing.RepaintManager.addDirtyRegion0(Ljava/awt/Container;IIII)V @ 16
Event: 2.234 Thread 0x00007f16f836d800 Uncommon trap: reason=unstable_if action=reinterpret pc=0x00007f16e96a94b4 method=sun.awt.SunToolkit.getAppContext(Ljava/lang/Object;)Lsun/awt/AppContext; @ 4
Event: 2.242 Thread 0x00007f16f836d800 Uncommon trap: reason=unstable_if action=reinterpret pc=0x00007f16e9425828 method=sun.awt.SunToolkit.getAppContext(Ljava/lang/Object;)Lsun/awt/AppContext; @ 4
Event: 2.251 Thread 0x00007f16f836d800 Uncommon trap: reason=unstable_if action=reinterpret pc=0x00007f16e944689c method=javax.swing.JComponent.getClientProperty(Ljava/lang/Object;)Ljava/lang/Object; @ 16
Event: 9.848 Thread 0x00007f16f836d800 Uncommon trap: reason=unstable_if action=reinterpret pc=0x00007f16e9786d24 method=sun.java2d.pisces.PiscesTileGenerator.getAlpha([BII)V @ 56
Event: 9.848 Thread 0x00007f16f836d800 Uncommon trap: reason=unstable_if action=reinterpret pc=0x00007f16e977d694 method=sun.java2d.pisces.PiscesTileGenerator.getAlpha([BII)V @ 167
Event: 10.500 Thread 0x00007f16f836d800 Uncommon trap: reason=unstable_if action=reinterpret pc=0x00007f16e96b7b3c method=java.awt.Component.getBackground()Ljava/awt/Color; @ 17
Event: 10.516 Thread 0x00007f16f836d800 Uncommon trap: reason=bimorphic action=maybe_recompile pc=0x00007f16e951a4fc method=javax.swing.RepaintManager.addDirtyRegion0(Ljava/awt/Container;IIII)V @ 16
Event: 10.527 Thread 0x00007f16f836d800 Uncommon trap: reason=bimorphic action=maybe_recompile pc=0x00007f16e951a4fc method=javax.swing.RepaintManager.addDirtyRegion0(Ljava/awt/Container;IIII)V @ 16

Classes redefined (0 events):
No events

Internal exceptions (10 events):
Event: 0.426 Thread 0x00007f16f800b000 Exception <a 'java/lang/ClassNotFoundException': ToolTip> (0x00000000d846e040) thrown at [/build/openjdk-8-OdO8jS/openjdk-8-8u162-b12/src/hotspot/src/share/vm/classfile/systemDictionary.cpp, line 210]
Event: 0.426 Thread 0x00007f16f800b000 Exception <a 'java/lang/ClassNotFoundException': Tree> (0x00000000d846ec60) thrown at [/build/openjdk-8-OdO8jS/openjdk-8-8u162-b12/src/hotspot/src/share/vm/classfile/systemDictionary.cpp, line 210]
Event: 0.426 Thread 0x00007f16f800b000 Exception <a 'java/lang/ClassNotFoundException': Tree> (0x00000000d846f3a0) thrown at [/build/openjdk-8-OdO8jS/openjdk-8-8u162-b12/src/hotspot/src/share/vm/classfile/systemDictionary.cpp, line 210]
Event: 0.427 Thread 0x00007f16f800b000 Exception <a 'java/lang/ClassNotFoundException': javax/swing/JTreeCell> (0x00000000d846f720) thrown at [/build/openjdk-8-OdO8jS/openjdk-8-8u162-b12/src/hotspot/src/share/vm/classfile/systemDictionary.cpp, line 210]
Event: 0.427 Thread 0x00007f16f800b000 Exception <a 'java/lang/ClassNotFoundException': TreeCell> (0x00000000d846fba8) thrown at [/build/openjdk-8-OdO8jS/openjdk-8-8u162-b12/src/hotspot/src/share/vm/classfile/systemDictionary.cpp, line 210]
Event: 0.427 Thread 0x00007f16f800b000 Exception <a 'java/lang/ClassNotFoundException': RootPane> (0x00000000d8470608) thrown at [/build/openjdk-8-OdO8jS/openjdk-8-8u162-b12/src/hotspot/src/share/vm/classfile/systemDictionary.cpp, line 210]
Event: 1.714 Thread 0x00007f16f836d800 Implicit null exception at 0x00007f16e95956f2 to 0x00007f16e9598e59
Event: 2.261 Thread 0x00007f16f836d800 Exception <a 'java/lang/UnsupportedOperationException': > (0x00000000d887a4d8) thrown at [/build/openjdk-8-OdO8jS/openjdk-8-8u162-b12/src/hotspot/src/share/vm/prims/jni.cpp, line 735]
Event: 10.562 Thread 0x00007f16f836d800 Exception <a 'java/lang/UnsupportedOperationException': > (0x00000000d82ef9c0) thrown at [/build/openjdk-8-OdO8jS/openjdk-8-8u162-b12/src/hotspot/src/share/vm/prims/jni.cpp, line 735]
Event: 20.772 Thread 0x00007f16f836d800 Exception <a 'java/lang/UnsupportedOperationException': > (0x00000000d859ffc8) thrown at [/build/openjdk-8-OdO8jS/openjdk-8-8u162-b12/src/hotspot/src/share/vm/prims/jni.cpp, line 735]

Events (10 events):
Event: 23.783 loading class sun/awt/X11/XErrorEvent
Event: 23.784 loading class sun/awt/X11/XErrorEvent done
Event: 1002.813 loading class sun/awt/X11/XkbEvent
Event: 1002.813 loading class sun/awt/X11/XkbEvent done
Event: 1002.813 loading class sun/awt/X11/XkbAnyEvent
Event: 1002.813 loading class sun/awt/X11/XkbAnyEvent done
Event: 2128.918 loading class sun/misc/Signal$1
Event: 2128.918 loading class sun/misc/Signal$1 done
Event: 2128.925 loading class sun/awt/X11/XDestroyWindowEvent
Event: 2128.925 loading class sun/awt/X11/XDestroyWindowEvent done


Dynamic libraries:
00400000-00401000 r-xp 00000000 08:02 4067271                            /usr/lib/jvm/java-8-openjdk-amd64/jre/bin/java
00600000-00601000 r--p 00000000 08:02 4067271                            /usr/lib/jvm/java-8-openjdk-amd64/jre/bin/java
00601000-00602000 rw-p 00001000 08:02 4067271                            /usr/lib/jvm/java-8-openjdk-amd64/jre/bin/java
01096000-010b7000 rw-p 00000000 00:00 0                                  [heap]
87e00000-8bb00000 rw-p 00000000 00:00 0 
8bb00000-d7f80000 ---p 00000000 00:00 0 
d7f80000-da800000 rw-p 00000000 00:00 0 
da800000-100000000 ---p 00000000 00:00 0 
100000000-1002a0000 rw-p 00000000 00:00 0 
1002a0000-140000000 ---p 00000000 00:00 0 
7f1678000000-7f1678021000 rw-p 00000000 00:00 0 
7f1678021000-7f167c000000 ---p 00000000 00:00 0 
7f167c000000-7f167c021000 rw-p 00000000 00:00 0 
7f167c021000-7f1680000000 ---p 00000000 00:00 0 
7f1680000000-7f1680021000 rw-p 00000000 00:00 0 
7f1680021000-7f1684000000 ---p 00000000 00:00 0 
7f1684000000-7f1684021000 rw-p 00000000 00:00 0 
7f1684021000-7f1688000000 ---p 00000000 00:00 0 
7f168bc00000-7f168bd2c000 rw-p 00000000 00:00 0 
7f168bd2c000-7f168be00000 ---p 00000000 00:00 0 
7f168be00000-7f168c000000 rw-p 00000000 00:00 0 
7f168c000000-7f168c063000 rw-p 00000000 00:00 0 
7f168c063000-7f1690000000 ---p 00000000 00:00 0 
7f1690000000-7f1690021000 rw-p 00000000 00:00 0 
7f1690021000-7f1694000000 ---p 00000000 00:00 0 
7f1694000000-7f169453a000 rw-p 00000000 00:00 0 
7f169453a000-7f1698000000 ---p 00000000 00:00 0 
7f1698000000-7f1698021000 rw-p 00000000 00:00 0 
7f1698021000-7f169c000000 ---p 00000000 00:00 0 
7f169c000000-7f169c021000 rw-p 00000000 00:00 0 
7f169c021000-7f16a0000000 ---p 00000000 00:00 0 
7f16a0000000-7f16a0021000 rw-p 00000000 00:00 0 
7f16a0021000-7f16a4000000 ---p 00000000 00:00 0 
7f16a4002000-7f16a4005000 ---p 00000000 00:00 0 
7f16a4005000-7f16a4303000 rw-p 00000000 00:00 0 
7f16a4303000-7f16a4503000 rw-p 00000000 00:00 0 
7f16a4503000-7f16a450e000 r--s 00000000 08:02 4587702                    /var/cache/fontconfig/945677eb7aeaf62f1d50efc3fb3ec7d8-le64.cache-6
7f16a450e000-7f16a4514000 r--s 00000000 08:02 4587684                    /var/cache/fontconfig/2cd17615ca594fa2959ae173292e504c-le64.cache-6
7f16a4514000-7f16a4515000 r--s 00000000 08:02 4587681                    /var/cache/fontconfig/0d8c3b2ac0904cb8a57a757ad11a4a08-le64.cache-6
7f16a4515000-7f16a452a000 r--s 00000000 08:02 4587678                    /var/cache/fontconfig/04aabc0a78ac019cf9454389977116d2-le64.cache-6
7f16a452a000-7f16a452b000 r--s 00000000 08:02 4587683                    /var/cache/fontconfig/1ac9eb803944fde146138c791f5cc56a-le64.cache-6
7f16a452b000-7f16a452f000 r--s 00000000 08:02 4587688                    /var/cache/fontconfig/385c0604a188198f04d133e54aba7fe7-le64.cache-6
7f16a452f000-7f16a4530000 r--s 00000000 08:02 4587715                    /var/cache/fontconfig/dc05db6664285cc2f12bf69c139ae4c3-le64.cache-6
7f16a4530000-7f16a4533000 r--s 00000000 08:02 4587698                    /var/cache/fontconfig/767a8244fc0220cfb567a839d0392e0b-le64.cache-6
7f16a4533000-7f16a4538000 r--s 00000000 08:02 4587701                    /var/cache/fontconfig/8801497958630a81b71ace7c5f9b32a8-le64.cache-6
7f16a4538000-7f16a453f000 r--s 00000000 08:02 4587685                    /var/cache/fontconfig/3047814df9a2f067bd2d96a2b9c36e5a-le64.cache-6
7f16a453f000-7f16a4552000 r--s 00000000 08:02 4587712                    /var/cache/fontconfig/d52a8644073d54c13679302ca1180695-le64.cache-6
7f16a45a6000-7f16a45a9000 ---p 00000000 00:00 0 
7f16a45a9000-7f16a46a7000 rw-p 00000000 00:00 0 
7f16a46a7000-7f16a46ac000 r--s 0009d000 08:02 4067215                    /usr/lib/jvm/java-8-openjdk-amd64/jre/lib/jsse.jar
7f16a46bb000-7f16a46be000 ---p 00000000 00:00 0 
7f16a46be000-7f16a47bc000 rw-p 00000000 00:00 0 
7f16a47bc000-7f16a47bf000 ---p 00000000 00:00 0 
7f16a47bf000-7f16a48bd000 rw-p 00000000 00:00 0 
7f16a48bd000-7f16a48c0000 ---p 00000000 00:00 0 
7f16a48c0000-7f16a49be000 rw-p 00000000 00:00 0 
7f16a49be000-7f16a49c1000 ---p 00000000 00:00 0 
7f16a49c1000-7f16a4cbf000 rw-p 00000000 00:00 0 
7f16a4cbf000-7f16a4cc2000 ---p 00000000 00:00 0 
7f16a4cc2000-7f16a4fc0000 rw-p 00000000 00:00 0 
7f16a4fc0000-7f16a4fcb000 r--s 00000000 08:02 4587702                    /var/cache/fontconfig/945677eb7aeaf62f1d50efc3fb3ec7d8-le64.cache-6
7f16a4fcb000-7f16a4fd1000 r--s 00000000 08:02 4587684                    /var/cache/fontconfig/2cd17615ca594fa2959ae173292e504c-le64.cache-6
7f16a4fd1000-7f16a4fd2000 r--s 00000000 08:02 4587681                    /var/cache/fontconfig/0d8c3b2ac0904cb8a57a757ad11a4a08-le64.cache-6
7f16a4fd2000-7f16a4fe7000 r--s 00000000 08:02 4587678                    /var/cache/fontconfig/04aabc0a78ac019cf9454389977116d2-le64.cache-6
7f16a4fe7000-7f16a4fe8000 r--s 00000000 08:02 4587683                    /var/cache/fontconfig/1ac9eb803944fde146138c791f5cc56a-le64.cache-6
7f16a4fe8000-7f16a4fec000 r--s 00000000 08:02 4587688                    /var/cache/fontconfig/385c0604a188198f04d133e54aba7fe7-le64.cache-6
7f16a4fec000-7f16a4fed000 r--s 00000000 08:02 4587715                    /var/cache/fontconfig/dc05db6664285cc2f12bf69c139ae4c3-le64.cache-6
7f16a4fed000-7f16a4ff2000 r--s 00000000 08:02 4587701                    /var/cache/fontconfig/8801497958630a81b71ace7c5f9b32a8-le64.cache-6
7f16a4ff2000-7f16a4ff9000 r--s 00000000 08:02 4587685                    /var/cache/fontconfig/3047814df9a2f067bd2d96a2b9c36e5a-le64.cache-6
7f16a4ff9000-7f16a4fff000 r--s 00000000 08:02 4587706                    /var/cache/fontconfig/b47c4e1ecd0709278f4910c18777a504-le64.cache-6
7f16a4fff000-7f16a8000000 rw-p 00000000 00:00 0 
7f16a8000000-7f16a8021000 rw-p 00000000 00:00 0 
7f16a8021000-7f16ac000000 ---p 00000000 00:00 0 
7f16ac000000-7f16ac021000 rw-p 00000000 00:00 0 
7f16ac021000-7f16b0000000 ---p 00000000 00:00 0 
7f16b0000000-7f16b0997000 rw-p 00000000 00:00 0 
7f16b0997000-7f16b4000000 ---p 00000000 00:00 0 
7f16b4000000-7f16b4021000 rw-p 00000000 00:00 0 
7f16b4021000-7f16b8000000 ---p 00000000 00:00 0 
7f16b8000000-7f16b879a000 rw-p 00000000 00:00 0 
7f16b879a000-7f16bc000000 ---p 00000000 00:00 0 
7f16bc000000-7f16bcc1e000 rw-p 00000000 00:00 0 
7f16bcc1e000-7f16c0000000 ---p 00000000 00:00 0 
7f16c0000000-7f16c0021000 rw-p 00000000 00:00 0 
7f16c0021000-7f16c4000000 ---p 00000000 00:00 0 
7f16c4000000-7f16c4021000 rw-p 00000000 00:00 0 
7f16c4021000-7f16c8000000 ---p 00000000 00:00 0 
7f16c8000000-7f16c8021000 rw-p 00000000 00:00 0 
7f16c8021000-7f16cc000000 ---p 00000000 00:00 0 
7f16cc000000-7f16cc021000 rw-p 00000000 00:00 0 
7f16cc021000-7f16d0000000 ---p 00000000 00:00 0 
7f16d0000000-7f16d0021000 rw-p 00000000 00:00 0 
7f16d0021000-7f16d4000000 ---p 00000000 00:00 0 
7f16d4000000-7f16d4021000 rw-p 00000000 00:00 0 
7f16d4021000-7f16d8000000 ---p 00000000 00:00 0 
7f16d8000000-7f16d8021000 rw-p 00000000 00:00 0 
7f16d8021000-7f16dc000000 ---p 00000000 00:00 0 
7f16dc000000-7f16dc003000 r--s 00000000 08:02 4587698                    /var/cache/fontconfig/767a8244fc0220cfb567a839d0392e0b-le64.cache-6
7f16dc003000-7f16dc004000 r--s 00000000 08:02 4587829                    /var/cache/fontconfig/4794a0821666d79190d59a36cb4f44b5-le64.cache-6
7f16dc004000-7f16dc005000 r--s 00000000 08:02 4587708                    /var/cache/fontconfig/bab58bb527bb656aaa9f116d68a48d89-le64.cache-6
7f16dc005000-7f16dc018000 r--s 00000000 08:02 4587712                    /var/cache/fontconfig/d52a8644073d54c13679302ca1180695-le64.cache-6
7f16dc018000-7f16dc023000 r--s 00000000 08:02 4598285                    /var/cache/fontconfig/d589a48862398ed80a3d6066f4f56f4c-le64.cache-6
7f16dc023000-7f16dc024000 r--s 00000000 08:02 4587829                    /var/cache/fontconfig/4794a0821666d79190d59a36cb4f44b5-le64.cache-6
7f16dc024000-7f16dc025000 r--s 00000000 08:02 4587708                    /var/cache/fontconfig/bab58bb527bb656aaa9f116d68a48d89-le64.cache-6
7f16dc025000-7f16dc026000 r--s 00000000 08:02 4587692                    /var/cache/fontconfig/56cf4f4769d0f4abc89a4895d7bd3ae1-le64.cache-6
7f16dc026000-7f16dc027000 r--s 00000000 08:02 4587707                    /var/cache/fontconfig/b9d506c9ac06c20b433354fa67a72993-le64.cache-6
7f16dc027000-7f16dc02d000 r--s 00000000 08:02 4587706                    /var/cache/fontconfig/b47c4e1ecd0709278f4910c18777a504-le64.cache-6
7f16dc02d000-7f16dc02e000 r--s 00000000 08:02 4587691                    /var/cache/fontconfig/551ecf3b0e8b0bca0f25c0944f561853-le64.cache-6
7f16dc02e000-7f16dc039000 r--s 00000000 08:02 4598285                    /var/cache/fontconfig/d589a48862398ed80a3d6066f4f56f4c-le64.cache-6
7f16dc039000-7f16dc03a000 r--s 00000000 08:02 4587686                    /var/cache/fontconfig/30829fa25452a46451e813d634d7f916-le64.cache-6
7f16dc03a000-7f16dc03b000 r--s 00000000 08:02 4587680                    /var/cache/fontconfig/0c9eb80ebd1c36541ebe2852d3bb0c49-le64.cache-6
7f16dc03b000-7f16dc03e000 r--s 00000000 08:02 4587697                    /var/cache/fontconfig/75114ca45c98e8a441da0ff356701271-le64.cache-6
7f16dc03e000-7f16dc049000 r--s 00000000 08:02 4587700                    /var/cache/fontconfig/83bf95040141907cd45bb53cf7c1c148-le64.cache-6
7f16dc049000-7f16dc05b000 r--s 00000000 08:02 4587704                    /var/cache/fontconfig/9b89f8e3dae116d678bbf48e5f21f69b-le64.cache-6
7f16dc05b000-7f16dc05e000 r--s 00000000 08:02 4587716                    /var/cache/fontconfig/e13b20fdb08344e0e664864cc2ede53d-le64.cache-6
7f16dc05e000-7f16dc062000 r--s 00000000 08:02 4587699                    /var/cache/fontconfig/7ef2298fde41cc6eeb7af42e48b7d293-le64.cache-6
7f16dc07a000-7f16dc07d000 ---p 00000000 00:00 0 
7f16dc07d000-7f16dc17b000 rw-p 00000000 00:00 0 
7f16dc17b000-7f16dc17e000 ---p 00000000 00:00 0 
7f16dc17e000-7f16dc27c000 rw-p 00000000 00:00 0 
7f16dc27c000-7f16dc28d000 r-xp 00000000 08:02 4067248                    /usr/lib/jvm/java-8-openjdk-amd64/jre/lib/amd64/libnio.so
7f16dc28d000-7f16dc48d000 ---p 00011000 08:02 4067248                    /usr/lib/jvm/java-8-openjdk-amd64/jre/lib/amd64/libnio.so
7f16dc48d000-7f16dc48e000 r--p 00011000 08:02 4067248                    /usr/lib/jvm/java-8-openjdk-amd64/jre/lib/amd64/libnio.so
7f16dc48e000-7f16dc48f000 rw-p 00012000 08:02 4067248                    /usr/lib/jvm/java-8-openjdk-amd64/jre/lib/amd64/libnio.so
7f16dc48f000-7f16dc4a5000 r-xp 00000000 08:02 4067243                    /usr/lib/jvm/java-8-openjdk-amd64/jre/lib/amd64/libnet.so
7f16dc4a5000-7f16dc6a5000 ---p 00016000 08:02 4067243                    /usr/lib/jvm/java-8-openjdk-amd64/jre/lib/amd64/libnet.so
7f16dc6a5000-7f16dc6a6000 r--p 00016000 08:02 4067243                    /usr/lib/jvm/java-8-openjdk-amd64/jre/lib/amd64/libnet.so
7f16dc6a6000-7f16dc6a7000 rw-p 00017000 08:02 4067243                    /usr/lib/jvm/java-8-openjdk-amd64/jre/lib/amd64/libnet.so
7f16dc6a7000-7f16dc6aa000 ---p 00000000 00:00 0 
7f16dc6aa000-7f16dc7a8000 rw-p 00000000 00:00 0 
7f16dc7a8000-7f16dc7ad000 r-xp 00000000 08:02 925790                     /usr/lib/x86_64-linux-gnu/libXfixes.so.3.1.0
7f16dc7ad000-7f16dc9ac000 ---p 00005000 08:02 925790                     /usr/lib/x86_64-linux-gnu/libXfixes.so.3.1.0
7f16dc9ac000-7f16dc9ad000 r--p 00004000 08:02 925790                     /usr/lib/x86_64-linux-gnu/libXfixes.so.3.1.0
7f16dc9ad000-7f16dc9ae000 rw-p 00005000 08:02 925790                     /usr/lib/x86_64-linux-gnu/libXfixes.so.3.1.0
7f16dc9ae000-7f16dc9b7000 r-xp 00000000 08:02 923215                     /usr/lib/x86_64-linux-gnu/libXcursor.so.1.0.2
7f16dc9b7000-7f16dcbb6000 ---p 00009000 08:02 923215                     /usr/lib/x86_64-linux-gnu/libXcursor.so.1.0.2
7f16dcbb6000-7f16dcbb7000 r--p 00008000 08:02 923215                     /usr/lib/x86_64-linux-gnu/libXcursor.so.1.0.2
7f16dcbb7000-7f16dcbb8000 rw-p 00009000 08:02 923215                     /usr/lib/x86_64-linux-gnu/libXcursor.so.1.0.2
7f16dcbb8000-7f16dcbbb000 ---p 00000000 00:00 0 
7f16dcbbb000-7f16dccb9000 rw-p 00000000 00:00 0 
7f16dccb9000-7f16dccdd000 r-xp 00000000 08:02 2626195                    /lib/x86_64-linux-gnu/libpng12.so.0.54.0
7f16dccdd000-7f16dcedc000 ---p 00024000 08:02 2626195                    /lib/x86_64-linux-gnu/libpng12.so.0.54.0
7f16dcedc000-7f16dcedd000 r--p 00023000 08:02 2626195                    /lib/x86_64-linux-gnu/libpng12.so.0.54.0
7f16dcedd000-7f16dcede000 rw-p 00024000 08:02 2626195                    /lib/x86_64-linux-gnu/libpng12.so.0.54.0
7f16dcede000-7f16dcf82000 r-xp 00000000 08:02 926213                     /usr/lib/x86_64-linux-gnu/libfreetype.so.6.12.1
7f16dcf82000-7f16dd181000 ---p 000a4000 08:02 926213                     /usr/lib/x86_64-linux-gnu/libfreetype.so.6.12.1
7f16dd181000-7f16dd187000 r--p 000a3000 08:02 926213                     /usr/lib/x86_64-linux-gnu/libfreetype.so.6.12.1
7f16dd187000-7f16dd188000 rw-p 000a9000 08:02 926213                     /usr/lib/x86_64-linux-gnu/libfreetype.so.6.12.1
7f16dd188000-7f16dd189000 r--s 00000000 08:02 4587692                    /var/cache/fontconfig/56cf4f4769d0f4abc89a4895d7bd3ae1-le64.cache-6
7f16dd189000-7f16dd18a000 r--s 00000000 08:02 4587707                    /var/cache/fontconfig/b9d506c9ac06c20b433354fa67a72993-le64.cache-6
7f16dd18a000-7f16dd195000 r--s 00000000 08:02 4587700                    /var/cache/fontconfig/83bf95040141907cd45bb53cf7c1c148-le64.cache-6
7f16dd195000-7f16dd1a7000 r--s 00000000 08:02 4587704                    /var/cache/fontconfig/9b89f8e3dae116d678bbf48e5f21f69b-le64.cache-6
7f16dd1a7000-7f16dd1f9000 r-xp 00000000 08:02 4067221                    /usr/lib/jvm/java-8-openjdk-amd64/jre/lib/amd64/libfontmanager.so
7f16dd1f9000-7f16dd3f9000 ---p 00052000 08:02 4067221                    /usr/lib/jvm/java-8-openjdk-amd64/jre/lib/amd64/libfontmanager.so
7f16dd3f9000-7f16dd3fb000 r--p 00052000 08:02 4067221                    /usr/lib/jvm/java-8-openjdk-amd64/jre/lib/amd64/libfontmanager.so
7f16dd3fb000-7f16dd3fc000 rw-p 00054000 08:02 4067221                    /usr/lib/jvm/java-8-openjdk-amd64/jre/lib/amd64/libfontmanager.so
7f16dd3fc000-7f16dd401000 r-xp 00000000 08:02 925786                     /usr/lib/x86_64-linux-gnu/libXdmcp.so.6.0.0
7f16dd401000-7f16dd600000 ---p 00005000 08:02 925786                     /usr/lib/x86_64-linux-gnu/libXdmcp.so.6.0.0
7f16dd600000-7f16dd601000 r--p 00004000 08:02 925786                     /usr/lib/x86_64-linux-gnu/libXdmcp.so.6.0.0
7f16dd601000-7f16dd602000 rw-p 00005000 08:02 925786                     /usr/lib/x86_64-linux-gnu/libXdmcp.so.6.0.0
7f16dd602000-7f16dd604000 r-xp 00000000 08:02 925775                     /usr/lib/x86_64-linux-gnu/libXau.so.6.0.0
7f16dd604000-7f16dd804000 ---p 00002000 08:02 925775                     /usr/lib/x86_64-linux-gnu/libXau.so.6.0.0
7f16dd804000-7f16dd805000 r--p 00002000 08:02 925775                     /usr/lib/x86_64-linux-gnu/libXau.so.6.0.0
7f16dd805000-7f16dd806000 rw-p 00003000 08:02 925775                     /usr/lib/x86_64-linux-gnu/libXau.so.6.0.0
7f16dd806000-7f16dd827000 r-xp 00000000 08:02 927193                     /usr/lib/x86_64-linux-gnu/libxcb.so.1.1.0
7f16dd827000-7f16dda26000 ---p 00021000 08:02 927193                     /usr/lib/x86_64-linux-gnu/libxcb.so.1.1.0
7f16dda26000-7f16dda27000 r--p 00020000 08:02 927193                     /usr/lib/x86_64-linux-gnu/libxcb.so.1.1.0
7f16dda27000-7f16dda28000 rw-p 00021000 08:02 927193                     /usr/lib/x86_64-linux-gnu/libxcb.so.1.1.0
7f16dda28000-7f16dda37000 r-xp 00000000 08:02 925798                     /usr/lib/x86_64-linux-gnu/libXi.so.6.1.0
7f16dda37000-7f16ddc36000 ---p 0000f000 08:02 925798                     /usr/lib/x86_64-linux-gnu/libXi.so.6.1.0
7f16ddc36000-7f16ddc37000 r--p 0000e000 08:02 925798                     /usr/lib/x86_64-linux-gnu/libXi.so.6.1.0
7f16ddc37000-7f16ddc38000 rw-p 0000f000 08:02 925798                     /usr/lib/x86_64-linux-gnu/libXi.so.6.1.0
7f16ddc38000-7f16ddc3d000 r-xp 00000000 08:02 925816                     /usr/lib/x86_64-linux-gnu/libXtst.so.6.1.0
7f16ddc3d000-7f16dde3c000 ---p 00005000 08:02 925816                     /usr/lib/x86_64-linux-gnu/libXtst.so.6.1.0
7f16dde3c000-7f16dde3d000 r--p 00004000 08:02 925816                     /usr/lib/x86_64-linux-gnu/libXtst.so.6.1.0
7f16dde3d000-7f16dde3e000 rw-p 00005000 08:02 925816                     /usr/lib/x86_64-linux-gnu/libXtst.so.6.1.0
7f16dde3e000-7f16dde47000 r-xp 00000000 08:02 925810                     /usr/lib/x86_64-linux-gnu/libXrender.so.1.3.0
7f16dde47000-7f16de046000 ---p 00009000 08:02 925810                     /usr/lib/x86_64-linux-gnu/libXrender.so.1.3.0
7f16de046000-7f16de047000 r--p 00008000 08:02 925810                     /usr/lib/x86_64-linux-gnu/libXrender.so.1.3.0
7f16de047000-7f16de048000 rw-p 00009000 08:02 925810                     /usr/lib/x86_64-linux-gnu/libXrender.so.1.3.0
7f16de048000-7f16de17d000 r-xp 00000000 08:02 925771                     /usr/lib/x86_64-linux-gnu/libX11.so.6.3.0
7f16de17d000-7f16de37d000 ---p 00135000 08:02 925771                     /usr/lib/x86_64-linux-gnu/libX11.so.6.3.0
7f16de37d000-7f16de37e000 r--p 00135000 08:02 925771                     /usr/lib/x86_64-linux-gnu/libX11.so.6.3.0
7f16de37e000-7f16de382000 rw-p 00136000 08:02 925771                     /usr/lib/x86_64-linux-gnu/libX11.so.6.3.0
7f16de382000-7f16de393000 r-xp 00000000 08:02 925788                     /usr/lib/x86_64-linux-gnu/libXext.so.6.4.0
7f16de393000-7f16de592000 ---p 00011000 08:02 925788                     /usr/lib/x86_64-linux-gnu/libXext.so.6.4.0
7f16de592000-7f16de593000 r--p 00010000 08:02 925788                     /usr/lib/x86_64-linux-gnu/libXext.so.6.4.0
7f16de593000-7f16de594000 rw-p 00011000 08:02 925788                     /usr/lib/x86_64-linux-gnu/libXext.so.6.4.0
7f16de594000-7f16de595000 r--s 00000000 08:02 4587691                    /var/cache/fontconfig/551ecf3b0e8b0bca0f25c0944f561853-le64.cache-6
7f16de595000-7f16de596000 r--s 00000000 08:02 4587686                    /var/cache/fontconfig/30829fa25452a46451e813d634d7f916-le64.cache-6
7f16de596000-7f16de599000 r--s 00000000 08:02 4587697                    /var/cache/fontconfig/75114ca45c98e8a441da0ff356701271-le64.cache-6
7f16de599000-7f16de59c000 r--s 00000000 08:02 4587716                    /var/cache/fontconfig/e13b20fdb08344e0e664864cc2ede53d-le64.cache-6
7f16de59c000-7f16de5a0000 r--s 00000000 08:02 4587699                    /var/cache/fontconfig/7ef2298fde41cc6eeb7af42e48b7d293-le64.cache-6
7f16de5a0000-7f16de5b3000 r--s 00346000 08:02 4067258                    /usr/lib/jvm/java-8-openjdk-amd64/jre/lib/resources.jar
7f16de5b3000-7f16de608000 r-xp 00000000 08:02 4067233                    /usr/lib/jvm/java-8-openjdk-amd64/jre/lib/amd64/libawt_xawt.so
7f16de608000-7f16de807000 ---p 00055000 08:02 4067233                    /usr/lib/jvm/java-8-openjdk-amd64/jre/lib/amd64/libawt_xawt.so
7f16de807000-7f16de808000 r--p 00054000 08:02 4067233                    /usr/lib/jvm/java-8-openjdk-amd64/jre/lib/amd64/libawt_xawt.so
7f16de808000-7f16de80b000 rw-p 00055000 08:02 4067233                    /usr/lib/jvm/java-8-openjdk-amd64/jre/lib/amd64/libawt_xawt.so
7f16de80b000-7f16de80c000 rw-p 00000000 00:00 0 
7f16de80c000-7f16de8ac000 r-xp 00000000 08:02 4067255                    /usr/lib/jvm/java-8-openjdk-amd64/jre/lib/amd64/libawt.so
7f16de8ac000-7f16deaac000 ---p 000a0000 08:02 4067255                    /usr/lib/jvm/java-8-openjdk-amd64/jre/lib/amd64/libawt.so
7f16deaac000-7f16deaad000 r--p 000a0000 08:02 4067255                    /usr/lib/jvm/java-8-openjdk-amd64/jre/lib/amd64/libawt.so
7f16deaad000-7f16deab8000 rw-p 000a1000 08:02 4067255                    /usr/lib/jvm/java-8-openjdk-amd64/jre/lib/amd64/libawt.so
7f16deab8000-7f16deadd000 rw-p 00000000 00:00 0 
7f16deadd000-7f16deae2000 r--s 002f9000 08:02 4067209                    /usr/lib/jvm/java-8-openjdk-amd64/jre/lib/charsets.jar
7f16deae2000-7f16deaff000 r--s 0017c000 08:02 8276978                    /home/idiotbox/NetBeansProjects/PhotoManager/extjars/poi-3.7-20101029.jar
7f16deaff000-7f16deb07000 r--s 000c4000 08:02 8276983                    /home/idiotbox/NetBeansProjects/PhotoManager/extjars/mysql-connector-java-5.1.23-bin.jar
7f16deb07000-7f16deb54000 r--s 003ea000 08:02 8276982                    /home/idiotbox/NetBeansProjects/PhotoManager/extjars/jasperreports-5.1.0.jar
7f16deb54000-7f16deb61000 r--s 00108000 08:02 8276987                    /home/idiotbox/NetBeansProjects/PhotoManager/extjars/iText-2.1.7.js2.jar
7f16deb61000-7f16debc0000 r--s 00589000 08:02 8276986                    /home/idiotbox/NetBeansProjects/PhotoManager/extjars/groovy-all-2.0.1.jar
7f16debc0000-7f16debdb000 r--s 00394000 08:02 4067189                    /usr/lib/jvm/java-8-openjdk-amd64/jre/lib/ext/cldrdata.jar
7f16debdb000-7f16debf6000 r--s 001d6000 08:02 4067191                    /usr/lib/jvm/java-8-openjdk-amd64/jre/lib/ext/nashorn.jar
7f16debf6000-7f16debf7000 ---p 00000000 00:00 0 
7f16debf7000-7f16decf7000 rw-p 00000000 00:00 0 
7f16decf7000-7f16decfa000 ---p 00000000 00:00 0 
7f16decfa000-7f16dedf8000 rw-p 00000000 00:00 0 
7f16dedf8000-7f16dedfb000 ---p 00000000 00:00 0 
7f16dedfb000-7f16deef9000 rw-p 00000000 00:00 0 
7f16deef9000-7f16deefc000 ---p 00000000 00:00 0 
7f16deefc000-7f16deffa000 rw-p 00000000 00:00 0 
7f16deffa000-7f16deffd000 ---p 00000000 00:00 0 
7f16deffd000-7f16df0fb000 rw-p 00000000 00:00 0 
7f16df0fb000-7f16df0fe000 ---p 00000000 00:00 0 
7f16df0fe000-7f16df1fc000 rw-p 00000000 00:00 0 
7f16df1fc000-7f16df4d4000 r--p 00000000 08:02 919517                     /usr/lib/locale/locale-archive
7f16df4d4000-7f16df4d7000 ---p 00000000 00:00 0 
7f16df4d7000-7f16df5d5000 rw-p 00000000 00:00 0 
7f16df5d5000-7f16df5d8000 ---p 00000000 00:00 0 
7f16df5d8000-7f16df6d6000 rw-p 00000000 00:00 0 
7f16df6d6000-7f16df6d7000 ---p 00000000 00:00 0 
7f16df6d7000-7f16e0000000 rw-p 00000000 00:00 0 
7f16e0000000-7f16e003b000 rw-p 00000000 00:00 0 
7f16e003b000-7f16e4000000 ---p 00000000 00:00 0 
7f16e4000000-7f16e4003000 r--s 0001c000 08:02 8276977                    /home/idiotbox/NetBeansProjects/PhotoManager/extjars/jcalendar-1.3.2.jar
7f16e4003000-7f16e4005000 r--s 0025c000 08:02 8276980                    /home/idiotbox/NetBeansProjects/PhotoManager/extjars/jasperreports-fonts-5.0.4.jar
7f16e4005000-7f16e400b000 r--s 0002b000 08:02 8276976                    /home/idiotbox/NetBeansProjects/PhotoManager/extjars/commons-digester-2.1.jar
7f16e400b000-7f16e4019000 r--s 0007f000 08:02 8276975                    /home/idiotbox/NetBeansProjects/PhotoManager/extjars/commons-collections-3.2.1.jar
7f16e4019000-7f16e4661000 rw-p 00000000 00:00 0 
7f16e4661000-7f16e482f000 r--s 03c2c000 08:02 4067214                    /usr/lib/jvm/java-8-openjdk-amd64/jre/lib/rt.jar
7f16e482f000-7f16e9000000 rw-p 00000000 00:00 0 
7f16e9000000-7f16e9970000 rwxp 00000000 00:00 0 
7f16e9970000-7f16f8000000 ---p 00000000 00:00 0 
7f16f8000000-7f16f83c3000 rw-p 00000000 00:00 0 
7f16f83c3000-7f16fc000000 ---p 00000000 00:00 0 
7f16fc000000-7f16fc001000 r--s 00000000 08:02 4587680                    /var/cache/fontconfig/0c9eb80ebd1c36541ebe2852d3bb0c49-le64.cache-6
7f16fc001000-7f16fc004000 r--s 00015000 08:02 8276984                    /home/idiotbox/NetBeansProjects/PhotoManager/extjars/commons-javaflow-20060411.jar
7f16fc004000-7f16fc009000 r--s 00034000 08:02 8276981                    /home/idiotbox/NetBeansProjects/PhotoManager/extjars/commons-beanutils-1.8.2.jar
7f16fc009000-7f16fc1ef000 rw-p 00000000 00:00 0 
7f16fc1ef000-7f16fc1f0000 ---p 00000000 00:00 0 
7f16fc1f0000-7f16fc2f0000 rw-p 00000000 00:00 0 
7f16fc2f0000-7f16fc2f1000 ---p 00000000 00:00 0 
7f16fc2f1000-7f16fc3f1000 rw-p 00000000 00:00 0 
7f16fc3f1000-7f16fc3f2000 ---p 00000000 00:00 0 
7f16fc3f2000-7f16fc4f2000 rw-p 00000000 00:00 0 
7f16fc4f2000-7f16fc4f3000 ---p 00000000 00:00 0 
7f16fc4f3000-7f16fc612000 rw-p 00000000 00:00 0 
7f16fc612000-7f16fc874000 ---p 00000000 00:00 0 
7f16fc874000-7f16fc893000 rw-p 00000000 00:00 0 
7f16fc893000-7f16fcaf4000 ---p 00000000 00:00 0 
7f16fcaf4000-7f16fcb09000 rw-p 00000000 00:00 0 
7f16fcb09000-7f16fcc35000 ---p 00000000 00:00 0 
7f16fcc35000-7f16fcc5c000 rw-p 00000000 00:00 0 
7f16fcc5c000-7f16fcff6000 ---p 00000000 00:00 0 
7f16fcff6000-7f16fcffe000 r-xp 00000000 08:02 4067229                    /usr/lib/jvm/java-8-openjdk-amd64/jre/lib/amd64/libzip.so
7f16fcffe000-7f16fd1fd000 ---p 00008000 08:02 4067229                    /usr/lib/jvm/java-8-openjdk-amd64/jre/lib/amd64/libzip.so
7f16fd1fd000-7f16fd1fe000 r--p 00007000 08:02 4067229                    /usr/lib/jvm/java-8-openjdk-amd64/jre/lib/amd64/libzip.so
7f16fd1fe000-7f16fd1ff000 rw-p 00008000 08:02 4067229                    /usr/lib/jvm/java-8-openjdk-amd64/jre/lib/amd64/libzip.so
7f16fd1ff000-7f16fd20a000 r-xp 00000000 08:02 2626676                    /lib/x86_64-linux-gnu/libnss_files-2.23.so
7f16fd20a000-7f16fd409000 ---p 0000b000 08:02 2626676                    /lib/x86_64-linux-gnu/libnss_files-2.23.so
7f16fd409000-7f16fd40a000 r--p 0000a000 08:02 2626676                    /lib/x86_64-linux-gnu/libnss_files-2.23.so
7f16fd40a000-7f16fd40b000 rw-p 0000b000 08:02 2626676                    /lib/x86_64-linux-gnu/libnss_files-2.23.so
7f16fd40b000-7f16fd411000 rw-p 00000000 00:00 0 
7f16fd411000-7f16fd41c000 r-xp 00000000 08:02 2626680                    /lib/x86_64-linux-gnu/libnss_nis-2.23.so
7f16fd41c000-7f16fd61b000 ---p 0000b000 08:02 2626680                    /lib/x86_64-linux-gnu/libnss_nis-2.23.so
7f16fd61b000-7f16fd61c000 r--p 0000a000 08:02 2626680                    /lib/x86_64-linux-gnu/libnss_nis-2.23.so
7f16fd61c000-7f16fd61d000 rw-p 0000b000 08:02 2626680                    /lib/x86_64-linux-gnu/libnss_nis-2.23.so
7f16fd61d000-7f16fd633000 r-xp 00000000 08:02 2626660                    /lib/x86_64-linux-gnu/libnsl-2.23.so
7f16fd633000-7f16fd832000 ---p 00016000 08:02 2626660                    /lib/x86_64-linux-gnu/libnsl-2.23.so
7f16fd832000-7f16fd833000 r--p 00015000 08:02 2626660                    /lib/x86_64-linux-gnu/libnsl-2.23.so
7f16fd833000-7f16fd834000 rw-p 00016000 08:02 2626660                    /lib/x86_64-linux-gnu/libnsl-2.23.so
7f16fd834000-7f16fd836000 rw-p 00000000 00:00 0 
7f16fd836000-7f16fd83e000 r-xp 00000000 08:02 2626671                    /lib/x86_64-linux-gnu/libnss_compat-2.23.so
7f16fd83e000-7f16fda3d000 ---p 00008000 08:02 2626671                    /lib/x86_64-linux-gnu/libnss_compat-2.23.so
7f16fda3d000-7f16fda3e000 r--p 00007000 08:02 2626671                    /lib/x86_64-linux-gnu/libnss_compat-2.23.so
7f16fda3e000-7f16fda3f000 rw-p 00008000 08:02 2626671                    /lib/x86_64-linux-gnu/libnss_compat-2.23.so
7f16fda3f000-7f16fda6c000 r-xp 00000000 08:02 4067232                    /usr/lib/jvm/java-8-openjdk-amd64/jre/lib/amd64/libjava.so
7f16fda6c000-7f16fdc6b000 ---p 0002d000 08:02 4067232                    /usr/lib/jvm/java-8-openjdk-amd64/jre/lib/amd64/libjava.so
7f16fdc6b000-7f16fdc6c000 r--p 0002c000 08:02 4067232                    /usr/lib/jvm/java-8-openjdk-amd64/jre/lib/amd64/libjava.so
7f16fdc6c000-7f16fdc6e000 rw-p 0002d000 08:02 4067232                    /usr/lib/jvm/java-8-openjdk-amd64/jre/lib/amd64/libjava.so
7f16fdc6e000-7f16fdc7d000 r-xp 00000000 08:02 4067242                    /usr/lib/jvm/java-8-openjdk-amd64/jre/lib/amd64/libverify.so
7f16fdc7d000-7f16fde7c000 ---p 0000f000 08:02 4067242                    /usr/lib/jvm/java-8-openjdk-amd64/jre/lib/amd64/libverify.so
7f16fde7c000-7f16fde7e000 r--p 0000e000 08:02 4067242                    /usr/lib/jvm/java-8-openjdk-amd64/jre/lib/amd64/libverify.so
7f16fde7e000-7f16fde7f000 rw-p 00010000 08:02 4067242                    /usr/lib/jvm/java-8-openjdk-amd64/jre/lib/amd64/libverify.so
7f16fde7f000-7f16fde86000 r-xp 00000000 08:02 2626681                    /lib/x86_64-linux-gnu/librt-2.23.so
7f16fde86000-7f16fe085000 ---p 00007000 08:02 2626681                    /lib/x86_64-linux-gnu/librt-2.23.so
7f16fe085000-7f16fe086000 r--p 00006000 08:02 2626681                    /lib/x86_64-linux-gnu/librt-2.23.so
7f16fe086000-7f16fe087000 rw-p 00007000 08:02 2626681                    /lib/x86_64-linux-gnu/librt-2.23.so
7f16fe087000-7f16fe09d000 r-xp 00000000 08:02 2626092                    /lib/x86_64-linux-gnu/libgcc_s.so.1
7f16fe09d000-7f16fe29c000 ---p 00016000 08:02 2626092                    /lib/x86_64-linux-gnu/libgcc_s.so.1
7f16fe29c000-7f16fe29d000 rw-p 00015000 08:02 2626092                    /lib/x86_64-linux-gnu/libgcc_s.so.1
7f16fe29d000-7f16fe3a5000 r-xp 00000000 08:02 2626659                    /lib/x86_64-linux-gnu/libm-2.23.so
7f16fe3a5000-7f16fe5a4000 ---p 00108000 08:02 2626659                    /lib/x86_64-linux-gnu/libm-2.23.so
7f16fe5a4000-7f16fe5a5000 r--p 00107000 08:02 2626659                    /lib/x86_64-linux-gnu/libm-2.23.so
7f16fe5a5000-7f16fe5a6000 rw-p 00108000 08:02 2626659                    /lib/x86_64-linux-gnu/libm-2.23.so
7f16fe5a6000-7f16fe718000 r-xp 00000000 08:02 919686                     /usr/lib/x86_64-linux-gnu/libstdc++.so.6.0.21
7f16fe718000-7f16fe918000 ---p 00172000 08:02 919686                     /usr/lib/x86_64-linux-gnu/libstdc++.so.6.0.21
7f16fe918000-7f16fe922000 r--p 00172000 08:02 919686                     /usr/lib/x86_64-linux-gnu/libstdc++.so.6.0.21
7f16fe922000-7f16fe924000 rw-p 0017c000 08:02 919686                     /usr/lib/x86_64-linux-gnu/libstdc++.so.6.0.21
7f16fe924000-7f16fe928000 rw-p 00000000 00:00 0 
7f16fe928000-7f16ff580000 r-xp 00000000 08:02 4067227                    /usr/lib/jvm/java-8-openjdk-amd64/jre/lib/amd64/server/libjvm.so
7f16ff580000-7f16ff780000 ---p 00c58000 08:02 4067227                    /usr/lib/jvm/java-8-openjdk-amd64/jre/lib/amd64/server/libjvm.so
7f16ff780000-7f16ff813000 r--p 00c58000 08:02 4067227                    /usr/lib/jvm/java-8-openjdk-amd64/jre/lib/amd64/server/libjvm.so
7f16ff813000-7f16ff83c000 rw-p 00ceb000 08:02 4067227                    /usr/lib/jvm/java-8-openjdk-amd64/jre/lib/amd64/server/libjvm.so
7f16ff83c000-7f16ff86c000 rw-p 00000000 00:00 0 
7f16ff86c000-7f16ff884000 r-xp 00000000 08:02 2626662                    /lib/x86_64-linux-gnu/libpthread-2.23.so
7f16ff884000-7f16ffa83000 ---p 00018000 08:02 2626662                    /lib/x86_64-linux-gnu/libpthread-2.23.so
7f16ffa83000-7f16ffa84000 r--p 00017000 08:02 2626662                    /lib/x86_64-linux-gnu/libpthread-2.23.so
7f16ffa84000-7f16ffa85000 rw-p 00018000 08:02 2626662                    /lib/x86_64-linux-gnu/libpthread-2.23.so
7f16ffa85000-7f16ffa89000 rw-p 00000000 00:00 0 
7f16ffa89000-7f16ffa8c000 r-xp 00000000 08:02 2626665                    /lib/x86_64-linux-gnu/libdl-2.23.so
7f16ffa8c000-7f16ffc8b000 ---p 00003000 08:02 2626665                    /lib/x86_64-linux-gnu/libdl-2.23.so
7f16ffc8b000-7f16ffc8c000 r--p 00002000 08:02 2626665                    /lib/x86_64-linux-gnu/libdl-2.23.so
7f16ffc8c000-7f16ffc8d000 rw-p 00003000 08:02 2626665                    /lib/x86_64-linux-gnu/libdl-2.23.so
7f16ffc8d000-7f16ffca6000 r-xp 00000000 08:02 2626245                    /lib/x86_64-linux-gnu/libz.so.1.2.8
7f16ffca6000-7f16ffea5000 ---p 00019000 08:02 2626245                    /lib/x86_64-linux-gnu/libz.so.1.2.8
7f16ffea5000-7f16ffea6000 r--p 00018000 08:02 2626245                    /lib/x86_64-linux-gnu/libz.so.1.2.8
7f16ffea6000-7f16ffea7000 rw-p 00019000 08:02 2626245                    /lib/x86_64-linux-gnu/libz.so.1.2.8
7f16ffea7000-7f1700067000 r-xp 00000000 08:02 2626663                    /lib/x86_64-linux-gnu/libc-2.23.so
7f1700067000-7f1700267000 ---p 001c0000 08:02 2626663                    /lib/x86_64-linux-gnu/libc-2.23.so
7f1700267000-7f170026b000 r--p 001c0000 08:02 2626663                    /lib/x86_64-linux-gnu/libc-2.23.so
7f170026b000-7f170026d000 rw-p 001c4000 08:02 2626663                    /lib/x86_64-linux-gnu/libc-2.23.so
7f170026d000-7f1700271000 rw-p 00000000 00:00 0 
7f1700271000-7f170027e000 r-xp 00000000 08:02 4067238                    /usr/lib/jvm/java-8-openjdk-amd64/jre/lib/amd64/jli/libjli.so
7f170027e000-7f170047e000 ---p 0000d000 08:02 4067238                    /usr/lib/jvm/java-8-openjdk-amd64/jre/lib/amd64/jli/libjli.so
7f170047e000-7f170047f000 r--p 0000d000 08:02 4067238                    /usr/lib/jvm/java-8-openjdk-amd64/jre/lib/amd64/jli/libjli.so
7f170047f000-7f1700480000 rw-p 0000e000 08:02 4067238                    /usr/lib/jvm/java-8-openjdk-amd64/jre/lib/amd64/jli/libjli.so
7f1700480000-7f17004a6000 r-xp 00000000 08:02 2626661                    /lib/x86_64-linux-gnu/ld-2.23.so
7f17004a6000-7f17004af000 r--s 00075000 08:02 8276985                    /home/idiotbox/NetBeansProjects/PhotoManager/extjars/DateChooser.jar
7f17004af000-7f17004b4000 r--s 0003b000 08:02 4067185                    /usr/lib/jvm/java-8-openjdk-amd64/jre/lib/ext/sunjce_provider.jar
7f17004b4000-7f17004b6000 r--s 00001000 08:02 4067188                    /usr/lib/jvm/java-8-openjdk-amd64/jre/lib/ext/dnsns.jar
7f17004b6000-7f1700580000 rw-p 00000000 00:00 0 
7f1700580000-7f1700583000 ---p 00000000 00:00 0 
7f1700583000-7f1700685000 rw-p 00000000 00:00 0 
7f1700685000-7f1700686000 r--s 0000c000 08:02 8276979                    /home/idiotbox/NetBeansProjects/PhotoManager/extjars/commons-logging-1.1.jar
7f1700686000-7f1700689000 r--s 0000f000 08:02 4067184                    /usr/lib/jvm/java-8-openjdk-amd64/jre/lib/ext/icedtea-sound.jar
7f1700689000-7f170068a000 r--s 00010000 08:02 4067190                    /usr/lib/jvm/java-8-openjdk-amd64/jre/lib/ext/zipfs.jar
7f170068a000-7f170068c000 r--s 00008000 08:02 4067187                    /usr/lib/jvm/java-8-openjdk-amd64/jre/lib/ext/sunec.jar
7f170068c000-7f170068d000 r--s 0000a000 08:02 4067186                    /usr/lib/jvm/java-8-openjdk-amd64/jre/lib/ext/jaccess.jar
7f170068d000-7f1700690000 r--s 00038000 08:02 4067182                    /usr/lib/jvm/java-8-openjdk-amd64/jre/lib/ext/sunpkcs11.jar
7f1700690000-7f170069a000 r--s 00116000 08:02 4067183                    /usr/lib/jvm/java-8-openjdk-amd64/jre/lib/ext/localedata.jar
7f170069a000-7f17006a2000 rw-s 00000000 08:02 4458988                    /tmp/hsperfdata_idiotbox/3075
7f17006a2000-7f17006a3000 rw-p 00000000 00:00 0 
7f17006a3000-7f17006a4000 r--p 00000000 00:00 0 
7f17006a4000-7f17006a5000 rw-p 00000000 00:00 0 
7f17006a5000-7f17006a6000 r--p 00025000 08:02 2626661                    /lib/x86_64-linux-gnu/ld-2.23.so
7f17006a6000-7f17006a7000 rw-p 00026000 08:02 2626661                    /lib/x86_64-linux-gnu/ld-2.23.so
7f17006a7000-7f17006a8000 rw-p 00000000 00:00 0 
7ffe100d2000-7ffe100f3000 rw-p 00000000 00:00 0                          [stack]
7ffe101e3000-7ffe101e6000 r--p 00000000 00:00 0                          [vvar]
7ffe101e6000-7ffe101e8000 r-xp 00000000 00:00 0                          [vdso]
ffffffffff600000-ffffffffff601000 r-xp 00000000 00:00 0                  [vsyscall]

VM Arguments:
jvm_args: -Dfile.encoding=UTF-8 
java_command: Panels.LoginFrame
java_class_path (initial): /home/idiotbox/NetBeansProjects/PhotoManager/extjars/DateChooser.jar:/home/idiotbox/NetBeansProjects/PhotoManager/extjars/commons-beanutils-1.8.2.jar:/home/idiotbox/NetBeansProjects/PhotoManager/extjars/commons-collections-3.2.1.jar:/home/idiotbox/NetBeansProjects/PhotoManager/extjars/commons-digester-2.1.jar:/home/idiotbox/NetBeansProjects/PhotoManager/extjars/commons-javaflow-20060411.jar:/home/idiotbox/NetBeansProjects/PhotoManager/extjars/commons-logging-1.1.jar:/home/idiotbox/NetBeansProjects/PhotoManager/extjars/groovy-all-2.0.1.jar:/home/idiotbox/NetBeansProjects/PhotoManager/extjars/iText-2.1.7.js2.jar:/home/idiotbox/NetBeansProjects/PhotoManager/extjars/jasperreports-5.1.0.jar:/home/idiotbox/NetBeansProjects/PhotoManager/extjars/jasperreports-fonts-5.0.4.jar:/home/idiotbox/NetBeansProjects/PhotoManager/extjars/jcalendar-1.3.2.jar:/home/idiotbox/NetBeansProjects/PhotoManager/extjars/mysql-connector-java-5.1.23-bin.jar:/home/idiotbox/NetBeansProjects/PhotoManager/extjars/poi-3.7-20101029.jar:/home/idiotbox/NetBeansProjects/PhotoManager/build/classes
Launcher Type: SUN_STANDARD

Environment Variables:
JAVA_HOME=/usr/lib/jvm/java-8-openjdk-amd64
PATH=/home/idiotbox/bin:/usr/local/sbin:/usr/local/bin:/usr/sbin:/usr/bin:/sbin:/bin:/usr/games:/usr/local/games:/snap/bin
LD_LIBRARY_PATH=/usr/lib/jvm/default-java/jre/lib/amd64:/usr/lib/jvm/default-java/jre/lib/i386:
SHELL=/bin/bash
DISPLAY=:0

Signal Handlers:
SIGSEGV: [libjvm.so+0xa6dcc0], sa_mask[0]=11111111011111111101111111111110, sa_flags=SA_RESTART|SA_SIGINFO
SIGBUS: [libjvm.so+0xa6dcc0], sa_mask[0]=11111111011111111101111111111110, sa_flags=SA_RESTART|SA_SIGINFO
SIGFPE: [libjvm.so+0x8b5350], sa_mask[0]=11111111011111111101111111111110, sa_flags=SA_RESTART|SA_SIGINFO
SIGPIPE: [libjvm.so+0x8b5350], sa_mask[0]=11111111011111111101111111111110, sa_flags=SA_RESTART|SA_SIGINFO
SIGXFSZ: [libjvm.so+0x8b5350], sa_mask[0]=11111111011111111101111111111110, sa_flags=SA_RESTART|SA_SIGINFO
SIGILL: [libjvm.so+0x8b5350], sa_mask[0]=11111111011111111101111111111110, sa_flags=SA_RESTART|SA_SIGINFO
SIGUSR1: SIG_DFL, sa_mask[0]=00000000000000000000000000000000, sa_flags=none
SIGUSR2: [libjvm.so+0x8b5200], sa_mask[0]=00100000000000000000000000000000, sa_flags=SA_RESTART|SA_SIGINFO
SIGHUP: [libjvm.so+0x8b56d0], sa_mask[0]=11111111011111111101111111111110, sa_flags=SA_RESTART|SA_SIGINFO
SIGINT: SIG_IGN, sa_mask[0]=00000000000000000000000000000000, sa_flags=none
SIGTERM: [libjvm.so+0x8b56d0], sa_mask[0]=11111111011111111101111111111110, sa_flags=SA_RESTART|SA_SIGINFO
SIGQUIT: [libjvm.so+0x8b56d0], sa_mask[0]=11111111011111111101111111111110, sa_flags=SA_RESTART|SA_SIGINFO


---------------  S Y S T E M  ---------------

OS:DISTRIB_ID=Ubuntu
DISTRIB_RELEASE=16.04
DISTRIB_CODENAME=xenial
DISTRIB_DESCRIPTION="Ubuntu 16.04.4 LTS"

uname:Linux 4.13.0-39-generic #44~16.04.1-Ubuntu SMP Thu Apr 5 16:43:10 UTC 2018 x86_64
libc:glibc 2.23 NPTL 2.23 
rlimit: STACK 8192k, CORE 0k, NPROC 30329, NOFILE 1048576, AS infinity
load average:0.38 0.52 0.53

/proc/meminfo:
MemTotal:        7864696 kB
MemFree:         4603556 kB
MemAvailable:    5932404 kB
Buffers:          127888 kB
Cached:          1395992 kB
SwapCached:            0 kB
Active:          2318408 kB
Inactive:         721028 kB
Active(anon):    1516992 kB
Inactive(anon):     9680 kB
Active(file):     801416 kB
Inactive(file):   711348 kB
Unevictable:           0 kB
Mlocked:               0 kB
SwapTotal:      10635260 kB
SwapFree:       10635260 kB
Dirty:               160 kB
Writeback:             8 kB
AnonPages:       1515828 kB
Mapped:           173188 kB
Shmem:             10940 kB
Slab:             111008 kB
SReclaimable:      74876 kB
SUnreclaim:        36132 kB
KernelStack:        6104 kB
PageTables:        14664 kB
NFS_Unstable:          0 kB
Bounce:                0 kB
WritebackTmp:          0 kB
CommitLimit:    14567608 kB
Committed_AS:    2343368 kB
VmallocTotal:   34359738367 kB
VmallocUsed:           0 kB
VmallocChunk:          0 kB
HardwareCorrupted:     0 kB
AnonHugePages:         0 kB
ShmemHugePages:        0 kB
ShmemPmdMapped:        0 kB
CmaTotal:              0 kB
CmaFree:               0 kB
HugePages_Total:       0
HugePages_Free:        0
HugePages_Rsvd:        0
HugePages_Surp:        0
Hugepagesize:       2048 kB
DirectMap4k:      212916 kB
DirectMap2M:     7870464 kB


CPU:total 4 (initial active 4) (2 cores per cpu, 2 threads per core) family 6 model 58 stepping 9, cmov, cx8, fxsr, mmx, sse, sse2, sse3, ssse3, sse4.1, sse4.2, popcnt, avx, clmul, erms, ht, tsc, tscinvbit, tscinv

/proc/cpuinfo:
processor	: 0
vendor_id	: GenuineIntel
cpu family	: 6
model		: 58
model name	: Intel(R) Core(TM) i5-3210M CPU @ 2.50GHz
stepping	: 9
microcode	: 0x17
cpu MHz		: 2893.344
cache size	: 3072 KB
physical id	: 0
siblings	: 4
core id		: 0
cpu cores	: 2
apicid		: 0
initial apicid	: 0
fpu		: yes
fpu_exception	: yes
cpuid level	: 13
wp		: yes
flags		: fpu vme de pse tsc msr pae mce cx8 apic sep mtrr pge mca cmov pat pse36 clflush dts acpi mmx fxsr sse sse2 ss ht tm pbe syscall nx rdtscp lm constant_tsc arch_perfmon pebs bts rep_good nopl xtopology nonstop_tsc cpuid aperfmperf pni pclmulqdq dtes64 monitor ds_cpl vmx est tm2 ssse3 cx16 xtpr pdcm pcid sse4_1 sse4_2 x2apic popcnt tsc_deadline_timer xsave avx f16c rdrand lahf_lm cpuid_fault epb pti retpoline tpr_shadow vnmi flexpriority ept vpid fsgsbase smep erms xsaveopt dtherm ida arat pln pts
bugs		: cpu_meltdown spectre_v1 spectre_v2
bogomips	: 4988.53
clflush size	: 64
cache_alignment	: 64
address sizes	: 36 bits physical, 48 bits virtual
power management:

processor	: 1
vendor_id	: GenuineIntel
cpu family	: 6
model		: 58
model name	: Intel(R) Core(TM) i5-3210M CPU @ 2.50GHz
stepping	: 9
microcode	: 0x17
cpu MHz		: 2893.339
cache size	: 3072 KB
physical id	: 0
siblings	: 4
core id		: 0
cpu cores	: 2
apicid		: 1
initial apicid	: 1
fpu		: yes
fpu_exception	: yes
cpuid level	: 13
wp		: yes
flags		: fpu vme de pse tsc msr pae mce cx8 apic sep mtrr pge mca cmov pat pse36 clflush dts acpi mmx fxsr sse sse2 ss ht tm pbe syscall nx rdtscp lm constant_tsc arch_perfmon pebs bts rep_good nopl xtopology nonstop_tsc cpuid aperfmperf pni pclmulqdq dtes64 monitor ds_cpl vmx est tm2 ssse3 cx16 xtpr pdcm pcid sse4_1 sse4_2 x2apic popcnt tsc_deadline_timer xsave avx f16c rdrand lahf_lm cpuid_fault epb pti retpoline tpr_shadow vnmi flexpriority ept vpid fsgsbase smep erms xsaveopt dtherm ida arat pln pts
bugs		: cpu_meltdown spectre_v1 spectre_v2
bogomips	: 4988.53
clflush size	: 64
cache_alignment	: 64
address sizes	: 36 bits physical, 48 bits virtual
power management:

processor	: 2
vendor_id	: GenuineIntel
cpu family	: 6
model		: 58
model name	: Intel(R) Core(TM) i5-3210M CPU @ 2.50GHz
stepping	: 9
microcode	: 0x17
cpu MHz		: 2893.348
cache size	: 3072 KB
physical id	: 0
siblings	: 4
core id		: 1
cpu cores	: 2
apicid		: 2
initial apicid	: 2
fpu		: yes
fpu_exception	: yes
cpuid level	: 13
wp		: yes
flags		: fpu vme de pse tsc msr pae mce cx8 apic sep mtrr pge mca cmov pat pse36 clflush dts acpi mmx fxsr sse sse2 ss ht tm pbe syscall nx rdtscp lm constant_tsc arch_perfmon pebs bts rep_good nopl xtopology nonstop_tsc cpuid aperfmperf pni pclmulqdq dtes64 monitor ds_cpl vmx est tm2 ssse3 cx16 xtpr pdcm pcid sse4_1 sse4_2 x2apic popcnt tsc_deadline_timer xsave avx f16c rdrand lahf_lm cpuid_fault epb pti retpoline tpr_shadow vnmi flexpriority ept vpid fsgsbase smep erms xsaveopt dtherm ida arat pln pts
bugs		: cpu_meltdown spectre_v1 spectre_v2
bogomips	: 4988.53
clflush size	: 64
cache_alignment	: 64
address sizes	: 36 bits physical, 48 bits virtual
power management:

processor	: 3
vendor_id	: GenuineIntel
cpu family	: 6
model		: 58
model name	: Intel(R) Core(TM) i5-3210M CPU @ 2.50GHz
stepping	: 9
microcode	: 0x17
cpu MHz		: 2893.347
cache size	: 3072 KB
physical id	: 0
siblings	: 4
core id		: 1
cpu cores	: 2
apicid		: 3
initial apicid	: 3
fpu		: yes
fpu_exception	: yes
cpuid level	: 13
wp		: yes
flags		: fpu vme de pse tsc msr pae mce cx8 apic sep mtrr pge mca cmov pat pse36 clflush dts acpi mmx fxsr sse sse2 ss ht tm pbe syscall nx rdtscp lm constant_tsc arch_perfmon pebs bts rep_good nopl xtopology nonstop_tsc cpuid aperfmperf pni pclmulqdq dtes64 monitor ds_cpl vmx est tm2 ssse3 cx16 xtpr pdcm pcid sse4_1 sse4_2 x2apic popcnt tsc_deadline_timer xsave avx f16c rdrand lahf_lm cpuid_fault epb pti retpoline tpr_shadow vnmi flexpriority ept vpid fsgsbase smep erms xsaveopt dtherm ida arat pln pts
bugs		: cpu_meltdown spectre_v1 spectre_v2
bogomips	: 4988.53
clflush size	: 64
cache_alignment	: 64
address sizes	: 36 bits physical, 48 bits virtual
power management:



Memory: 4k page, physical 7864696k(4833664k free), swap 10635260k(10635260k free)

vm_info: OpenJDK 64-Bit Server VM (25.162-b12) for linux-amd64 JRE (1.8.0_162-8u162-b12-0ubuntu0.16.04.2-b12), built on Mar 14 2018 12:11:18 by "buildd" with gcc 5.4.0 20160609

time: Tue Jun 19 17:37:28 2018
elapsed time: 2129 seconds (0d 0h 35m 29s)

